<?xml version="1.0" encoding="UTF-8"?>
<testsuite xmlns:xsi="http://www.w3.org/2001/XMLSchema-instance" xsi:noNamespaceSchemaLocation="https://maven.apache.org/surefire/maven-surefire-plugin/xsd/surefire-test-report-3.0.xsd" version="3.0" name="com.demo.microservice.MicroserviceApplicationTests" time="7.92" tests="1" errors="0" skipped="0" failures="0">
  <properties>
[...]
</properties>
  <testcase name="contextLoads" classname="com.demo.microservice.MicroserviceApplicationTests" time="1.061">
    <system-out><![CDATA[14:44:35.828 [main] INFO org.springframework.test.context.support.AnnotationConfigContextLoaderUtils -- Could not detect default configuration classes for test class [com.demo.microservice.MicroserviceApplicationTests]: MicroserviceApplicationTests does not declare any static, non-private, non-final, nested classes annotated with @Configuration.
14:44:36.103 [main] INFO org.springframework.boot.test.context.SpringBootTestContextBootstrapper -- Found @SpringBootConfiguration com.demo.microservice.MicroserviceApplication for test class com.demo.microservice.MicroserviceApplicationTests
14:44:36.660 [main] INFO org.springframework.boot.devtools.restart.RestartApplicationListener -- Restart disabled due to context in which it is running

  .   ____          _            __ _ _
 /\\ / ___'_ __ _ _(_)_ __  __ _ \ \ \ \
( ( )\___ | '_ | '_| | '_ \/ _` | \ \ \ \
 \\/  ___)| |_)| | | | | || (_| |  ) ) ) )
  '  |____| .__|_| |_|_| |_\__, | / / / /
 =========|_|==============|___/=/_/_/_/

 :: Spring Boot ::                (v3.3.4)

2024-09-21T14:44:37.404-03:00  INFO 251020 --- [microservice] [           main] c.d.m.MicroserviceApplicationTests       : Starting MicroserviceApplicationTests using Java 17.0.11 with PID 251020 (started by juanpa in /home/juanpa/Documentos/Proyectos/microservice)
2024-09-21T14:44:37.407-03:00  INFO 251020 --- [microservice] [           main] c.d.m.MicroserviceApplicationTests       : No active profile set, falling back to 1 default profile: "default"
2024-09-21T14:44:42.207-03:00  INFO 251020 --- [microservice] [           main] c.d.m.MicroserviceApplicationTests       : Started MicroserviceApplicationTests in 5.591 seconds (process running for 7.63)
]]></system-out>
  </testcase>
</testsuite>